<?xml version="1.0" encoding="UTF-8"?>
<testng-results skipped="0" failed="0" total="1" passed="1">
  <reporter-output>
  </reporter-output>
  <suite name="example.NewTest" duration-ms="6852" started-at="2017-09-03T22:24:47Z" finished-at="2017-09-03T22:24:54Z">
    <groups>
    </groups>
    <test name="Command line test" duration-ms="6852" started-at="2017-09-03T22:24:47Z" finished-at="2017-09-03T22:24:54Z">
      <class name="example.NewTest">
        <test-method status="PASS" signature="beforeTest()[pri:0, instance:example.NewTest@366647c2]" name="beforeTest" is-config="true" duration-ms="1744" started-at="2017-09-03T18:24:47Z" finished-at="2017-09-03T18:24:49Z">
          <reporter-output>
          </reporter-output>
        </test-method> <!-- beforeTest -->
        <test-method status="PASS" signature="f()[pri:0, instance:example.NewTest@366647c2]" name="f" duration-ms="3866" started-at="2017-09-03T18:24:49Z" finished-at="2017-09-03T18:24:53Z">
          <reporter-output>
          </reporter-output>
        </test-method> <!-- f -->
        <test-method status="PASS" signature="afterTest()[pri:0, instance:example.NewTest@366647c2]" name="afterTest" is-config="true" duration-ms="1229" started-at="2017-09-03T18:24:53Z" finished-at="2017-09-03T18:24:54Z">
          <reporter-output>
          </reporter-output>
        </test-method> <!-- afterTest -->
      </class> <!-- example.NewTest -->
    </test> <!-- Command line test -->
  </suite> <!-- example.NewTest -->
</testng-results>
