<?xml version="1.0" encoding="UTF-8"?>
<testng-results skipped="0" failed="0" total="1" passed="1">
  <reporter-output>
  </reporter-output>
  <suite name="example.NewTest" duration-ms="13129" started-at="2017-09-16T15:59:09Z" finished-at="2017-09-16T15:59:22Z">
    <groups>
    </groups>
    <test name="Command line test" duration-ms="13129" started-at="2017-09-16T15:59:09Z" finished-at="2017-09-16T15:59:22Z">
      <class name="example.NewTest">
        <test-method status="PASS" signature="beforeTest()[pri:0, instance:example.NewTest@8317c52]" name="beforeTest" is-config="true" duration-ms="2640" started-at="2017-09-16T11:59:09Z" finished-at="2017-09-16T11:59:12Z">
          <reporter-output>
          </reporter-output>
        </test-method> <!-- beforeTest -->
        <test-method status="PASS" signature="f()[pri:0, instance:example.NewTest@8317c52]" name="f" duration-ms="5194" started-at="2017-09-16T11:59:12Z" finished-at="2017-09-16T11:59:17Z">
          <reporter-output>
          </reporter-output>
        </test-method> <!-- f -->
        <test-method status="PASS" signature="afterTest()[pri:0, instance:example.NewTest@8317c52]" name="afterTest" is-config="true" duration-ms="5234" started-at="2017-09-16T11:59:17Z" finished-at="2017-09-16T11:59:22Z">
          <reporter-output>
          </reporter-output>
        </test-method> <!-- afterTest -->
      </class> <!-- example.NewTest -->
    </test> <!-- Command line test -->
  </suite> <!-- example.NewTest -->
</testng-results>
