<?xml version="1.0" encoding="UTF-8"?>
<testng-results skipped="0" failed="0" total="3" passed="3">
  <reporter-output>
  </reporter-output>
  <suite name="Default suite" duration-ms="6185" started-at="2017-09-16T17:19:46Z" finished-at="2017-09-16T17:19:52Z">
    <groups>
    </groups>
    <test name="Default test" duration-ms="6185" started-at="2017-09-16T17:19:46Z" finished-at="2017-09-16T17:19:52Z">
      <class name="example.NewTest">
        <test-method status="PASS" signature="Launch()[pri:0, instance:example.NewTest@1e04fa0a]" name="Launch" duration-ms="906" started-at="2017-09-16T13:19:46Z" finished-at="2017-09-16T13:19:47Z">
          <reporter-output>
          </reporter-output>
        </test-method> <!-- Launch -->
        <test-method status="PASS" signature="Login()[pri:0, instance:example.NewTest@1e04fa0a]" name="Login" duration-ms="3761" started-at="2017-09-16T13:19:47Z" finished-at="2017-09-16T13:19:50Z">
          <reporter-output>
          </reporter-output>
        </test-method> <!-- Login -->
        <test-method status="PASS" signature="SignOff()[pri:0, instance:example.NewTest@1e04fa0a]" name="SignOff" duration-ms="1490" started-at="2017-09-16T13:19:50Z" finished-at="2017-09-16T13:19:52Z">
          <reporter-output>
          </reporter-output>
        </test-method> <!-- SignOff -->
      </class> <!-- example.NewTest -->
    </test> <!-- Default test -->
  </suite> <!-- Default suite -->
</testng-results>
