<?xml version="1.0" encoding="UTF-8"?>
<testng-results skipped="0" failed="0" total="1" passed="1">
  <reporter-output>
  </reporter-output>
  <suite name="Suite" duration-ms="6647" started-at="2017-09-03T18:12:18Z" finished-at="2017-09-03T18:12:24Z">
    <groups>
    </groups>
    <test name="Test" duration-ms="6647" started-at="2017-09-03T18:12:18Z" finished-at="2017-09-03T18:12:24Z">
      <class name="example.NewTest">
        <test-method status="PASS" signature="beforeTest()[pri:0, instance:example.NewTest@78123e82]" name="beforeTest" is-config="true" duration-ms="1005" started-at="2017-09-03T14:12:18Z" finished-at="2017-09-03T14:12:19Z">
          <reporter-output>
          </reporter-output>
        </test-method> <!-- beforeTest -->
        <test-method status="PASS" signature="f()[pri:0, instance:example.NewTest@78123e82]" name="f" duration-ms="4448" started-at="2017-09-03T14:12:19Z" finished-at="2017-09-03T14:12:23Z">
          <reporter-output>
          </reporter-output>
        </test-method> <!-- f -->
        <test-method status="PASS" signature="afterTest()[pri:0, instance:example.NewTest@78123e82]" name="afterTest" is-config="true" duration-ms="1177" started-at="2017-09-03T14:12:23Z" finished-at="2017-09-03T14:12:24Z">
          <reporter-output>
          </reporter-output>
        </test-method> <!-- afterTest -->
      </class> <!-- example.NewTest -->
    </test> <!-- Test -->
  </suite> <!-- Suite -->
</testng-results>
