<?xml version="1.0" encoding="UTF-8"?>
<!-- Generated by org.testng.reporters.JUnitXMLReporter -->
<testsuite hostname="DESKTOP-UQ7K55J" name="Command line test" tests="3" failures="0" timestamp="16 Sep 2017 17:30:45 GMT" time="6.182" errors="0">
  <testcase name="Launch" time="0.817" classname="example.NewTest"/>
  <testcase name="Login" time="3.933" classname="example.NewTest"/>
  <testcase name="SignOff" time="1.408" classname="example.NewTest"/>
</testsuite> <!-- Command line test -->
